Línea 52: la clase TabDlg.SSTab del control SSTab1 no era una clase de control cargada.
Línea 58: el nombre de la propiedad _ExtentX de SSTab1 no es válido.
Línea 59: el nombre de la propiedad _ExtentY de SSTab1 no es válido.
Línea 60: el nombre de la propiedad _Version de SSTab1 no es válido.
Línea 61: el nombre de la propiedad Tab de SSTab1 no es válido.
Línea 62: el nombre de la propiedad TabHeight de SSTab1 no es válido.
Línea 63: el nombre de la propiedad TabCaption(0) de SSTab1 no es válido.
Línea 64: el nombre de la propiedad TabPicture(0) de SSTab1 no es válido.
Línea 65: el nombre de la propiedad Tab(0).ControlEnabled de SSTab1 no es válido.
Línea 66: el nombre de la propiedad Tab(0).Control(0) de SSTab1 no es válido.
Línea 67: el nombre de la propiedad Tab(0).Control(1) de SSTab1 no es válido.
Línea 68: el nombre de la propiedad Tab(0).Control(2) de SSTab1 no es válido.
Línea 69: el nombre de la propiedad Tab(0).Control(3) de SSTab1 no es válido.
Línea 70: el nombre de la propiedad Tab(0).Control(4) de SSTab1 no es válido.
Línea 71: el nombre de la propiedad Tab(0).Control(5) de SSTab1 no es válido.
Línea 72: el nombre de la propiedad Tab(0).Control(6) de SSTab1 no es válido.
Línea 73: el nombre de la propiedad Tab(0).Control(7) de SSTab1 no es válido.
Línea 74: el nombre de la propiedad Tab(0).Control(8) de SSTab1 no es válido.
Línea 75: el nombre de la propiedad Tab(0).Control(9) de SSTab1 no es válido.
Línea 76: el nombre de la propiedad Tab(0).Control(10) de SSTab1 no es válido.
Línea 77: el nombre de la propiedad Tab(0).Control(11) de SSTab1 no es válido.
Línea 78: el nombre de la propiedad Tab(0).Control(12) de SSTab1 no es válido.
Línea 79: el nombre de la propiedad Tab(0).Control(13) de SSTab1 no es válido.
Línea 80: el nombre de la propiedad Tab(0).Control(14) de SSTab1 no es válido.
Línea 81: el nombre de la propiedad Tab(0).Control(15) de SSTab1 no es válido.
Línea 82: el nombre de la propiedad Tab(0).Control(16) de SSTab1 no es válido.
Línea 83: el nombre de la propiedad Tab(0).Control(17) de SSTab1 no es válido.
Línea 84: el nombre de la propiedad Tab(0).Control(18) de SSTab1 no es válido.
Línea 85: el nombre de la propiedad Tab(0).Control(19) de SSTab1 no es válido.
Línea 86: el nombre de la propiedad Tab(0).Control(20) de SSTab1 no es válido.
Línea 87: el nombre de la propiedad Tab(0).Control(21) de SSTab1 no es válido.
Línea 88: el nombre de la propiedad Tab(0).Control(22) de SSTab1 no es válido.
Línea 89: el nombre de la propiedad Tab(0).Control(23) de SSTab1 no es válido.
Línea 90: el nombre de la propiedad Tab(0).Control(24) de SSTab1 no es válido.
Línea 91: el nombre de la propiedad Tab(0).Control(25) de SSTab1 no es válido.
Línea 92: el nombre de la propiedad Tab(0).Control(26) de SSTab1 no es válido.
Línea 93: el nombre de la propiedad Tab(0).Control(27) de SSTab1 no es válido.
Línea 94: el nombre de la propiedad Tab(0).Control(28) de SSTab1 no es válido.
Línea 95: el nombre de la propiedad Tab(0).ControlCount de SSTab1 no es válido.
Línea 96: el nombre de la propiedad TabCaption(1) de SSTab1 no es válido.
Línea 97: el nombre de la propiedad TabPicture(1) de SSTab1 no es válido.
Línea 98: el nombre de la propiedad Tab(1).ControlEnabled de SSTab1 no es válido.
Línea 99: el nombre de la propiedad Tab(1).Control(0) de SSTab1 no es válido.
Línea 100: el nombre de la propiedad Tab(1).Control(0).Enabled de SSTab1 no es válido.
Línea 101: el nombre de la propiedad Tab(1).Control(1) de SSTab1 no es válido.
Línea 102: el nombre de la propiedad Tab(1).Control(1).Enabled de SSTab1 no es válido.
Línea 103: el nombre de la propiedad Tab(1).Control(2) de SSTab1 no es válido.
Línea 104: el nombre de la propiedad Tab(1).Control(2).Enabled de SSTab1 no es válido.
Línea 105: el nombre de la propiedad Tab(1).ControlCount de SSTab1 no es válido.
Línea 106: el nombre de la propiedad TabCaption(2) de SSTab1 no es válido.
Línea 107: el nombre de la propiedad TabPicture(2) de SSTab1 no es válido.
Línea 108: el nombre de la propiedad Tab(2).ControlEnabled de SSTab1 no es válido.
Línea 109: el nombre de la propiedad Tab(2).Control(0) de SSTab1 no es válido.
Línea 110: el nombre de la propiedad Tab(2).Control(1) de SSTab1 no es válido.
Línea 111: el nombre de la propiedad Tab(2).ControlCount de SSTab1 no es válido.
